<?xml version="1.0" encoding="utf-8"?><testsuites name="pytest tests"><testsuite name="pytest" errors="0" failures="0" skipped="0" tests="86" time="4.895" timestamp="2026-05-09T14:04:06.763440-03:00" hostname="esmaru"><testcase classname="tests.api.test_backend_api" name="test_auth_register_and_duplicate_and_login" time="0.697" /><testcase classname="tests.api.test_backend_api" name="test_projects_crud_and_filters_and_pdf_delete" time="0.910" /><testcase classname="tests.api.test_backend_api" name="test_process_project_success_and_failure_and_not_found" time="0.475" /><testcase classname="tests.api.test_backend_api" name="test_get_project_pdf_endpoint" time="0.512" /><testcase classname="tests.api.test_extractor_api" name="test_extract_api_success" time="0.004" /><testcase classname="tests.api.test_extractor_api" name="test_extract_api_returns_400_on_parser_error" time="0.004" /><testcase classname="tests.api.test_extractor_api" name="test_extract_api_returns_500_on_unexpected_exception" time="0.004" /><testcase classname="tests.api.test_ocr_api" name="test_process_cache_hit_returns_cached_and_skips_ocr" time="0.005" /><testcase classname="tests.api.test_ocr_api" name="test_process_cache_miss_success_calls_save_cache" time="0.006" /><testcase classname="tests.api.test_ocr_api" name="test_process_returns_500_when_service_not_initialized" time="0.005" /><testcase classname="tests.api.test_ocr_api" name="test_process_returns_400_when_empty_ocr" time="0.005" /><testcase classname="tests.api.test_ocr_api" name="test_process_returns_500_on_unexpected_error" time="0.007" /><testcase classname="tests.api.test_ocr_api" name="test_process_temp_file_is_cleaned_up" time="0.005" /><testcase classname="tests.api.test_validator_api" name="test_validate_returns_validation_object" time="0.007" /><testcase classname="tests.api.test_validator_api" name="test_validate_invalid_payload" time="0.005" /><testcase classname="tests.unit.test_backend_database" name="test_get_db_yields_session_and_closes" time="0.001" /><testcase classname="tests.unit.test_backend_database" name="test_get_db_rolls_back_on_exception_and_closes" time="0.002" /><testcase classname="tests.unit.test_backend_services" name="test_run_pipeline_raises_if_env_missing" time="0.003" /><testcase classname="tests.unit.test_backend_services" name="test_run_pipeline_success" time="0.020" /><testcase classname="tests.unit.test_backend_services" name="test_run_pipeline_ocr_failure_raises" time="0.015" /><testcase classname="tests.unit.test_backend_services" name="test_run_pipeline_extractor_failure_raises" time="0.016" /><testcase classname="tests.unit.test_backend_services" name="test_run_pipeline_validator_failure_adds_fallback" time="0.016" /><testcase classname="tests.unit.test_backend_services" name="test_run_pipeline_empty_ocr_text_still_calls_extractor" time="0.015" /><testcase classname="tests.unit.test_document_parser" name="test_split_pages_strips_and_removes_empty" time="0.001" /><testcase classname="tests.unit.test_document_parser" name="test_load_configs_handles_invalid_and_loads_valid" time="0.007" /><testcase classname="tests.unit.test_document_parser" name="test_load_configs_creates_dir_if_missing" time="0.004" /><testcase classname="tests.unit.test_document_parser" name="test_parse_empty_text_returns_error" time="0.001" /><testcase classname="tests.unit.test_document_parser" name="test_parse_unknown_format_returns_clear_error" time="0.001" /><testcase classname="tests.unit.test_document_parser" name="test_parse_valid_document_uses_full_text_header_and_pages" time="0.003" /><testcase classname="tests.unit.test_dynamic_format" name="test_is_match_true_false_and_no_signature" time="0.001" /><testcase classname="tests.unit.test_dynamic_format" name="test_extract_header_fields_static_regex_missing" time="0.001" /><testcase classname="tests.unit.test_dynamic_format" name="test_extract_line_items_empty_when_no_rules" time="0.000" /><testcase classname="tests.unit.test_dynamic_format" name="test_extract_line_items_parsing_flow_and_continuation_and_sku" time="0.001" /><testcase classname="tests.unit.test_dynamic_format" name="test_extract_line_items_supports_negative_values" time="0.001" /><testcase classname="tests.unit.test_dynamic_format" name="test_extract_sku_direct_cases" time="0.001" /><testcase classname="tests.unit.test_dynamic_format" name="test_switch_like_config_shape_supports_sku_extraction" time="0.002" /><testcase classname="tests.unit.test_extractor_file_handler" name="test_read_text_reads_utf8" time="0.003" /><testcase classname="tests.unit.test_extractor_file_handler" name="test_write_json_pretty_and_unicode" time="0.004" /><testcase classname="tests.unit.test_extractor_main" name="test_extract_information_reads_from_file_and_writes_json" time="0.004" /><testcase classname="tests.unit.test_extractor_main" name="test_extract_information_uses_raw_text_when_not_file" time="0.004" /><testcase classname="tests.unit.test_extractor_main" name="test_extract_information_default_output_dir" time="0.004" /><testcase classname="tests.unit.test_extractor_main" name="test_extract_information_returns_error_without_writing" time="0.002" /><testcase classname="tests.unit.test_frontend_dashboard" name="test_open_project_loads_project_and_pdf_success" time="0.002" /><testcase classname="tests.unit.test_frontend_dashboard" name="test_open_project_handles_project_load_error" time="0.005" /><testcase classname="tests.unit.test_frontend_dashboard" name="test_open_project_handles_pdf_load_error" time="0.002" /><testcase classname="tests.unit.test_frontend_utils" name="test_display_pdf_valid_page_calls_st_image" time="0.001" /><testcase classname="tests.unit.test_frontend_utils" name="test_display_pdf_out_of_bounds_calls_error" time="0.001" /><testcase classname="tests.unit.test_frontend_utils" name="test_display_pdf_exception_calls_error" time="0.002" /><testcase classname="tests.unit.test_frontend_utils" name="test_inject_css_calls_markdown" time="0.001" /><testcase classname="tests.unit.test_frontend_utils" name="test_display_logo_main_sidebar_and_missing" time="0.001" /><testcase classname="tests.unit.test_logger" name="test_get_logger_configures_handlers_and_registry" time="0.003" /><testcase classname="tests.unit.test_logger" name="test_get_logger_repeated_calls_do_not_duplicate_handlers" time="0.002" /><testcase classname="tests.unit.test_ocr_config" name="test_load_configuration_reads_env_without_real_dotenv" time="0.001" /><testcase classname="tests.unit.test_ocr_config" name="test_load_configuration_raises_when_missing_credentials" time="0.001" /><testcase classname="tests.unit.test_ocr_file_utils" name="test_compute_content_hash_properties" time="0.001" /><testcase classname="tests.unit.test_ocr_file_utils" name="test_check_cache_by_hash_miss" time="0.003" /><testcase classname="tests.unit.test_ocr_file_utils" name="test_check_cache_by_hash_hit" time="0.004" /><testcase classname="tests.unit.test_ocr_file_utils" name="test_check_cache_by_hash_bad_json_returns_none" time="0.003" /><testcase classname="tests.unit.test_ocr_file_utils" name="test_save_cache_by_hash_writes_expected_payload" time="0.011" /><testcase classname="tests.unit.test_ocr_file_utils" name="test_get_output_dir_creates_dir" time="0.003" /><testcase classname="tests.unit.test_ocr_file_utils" name="test_check_if_processed_hit_and_miss" time="0.003" /><testcase classname="tests.unit.test_ocr_file_utils" name="test_save_ocr_result_creates_expected_file" time="0.004" /><testcase classname="tests.unit.test_ocr_main" name="test_process_single_file_missing_path_returns_none" time="0.002" /><testcase classname="tests.unit.test_ocr_main" name="test_process_single_file_cache_hit_skips_ocr" time="0.003" /><testcase classname="tests.unit.test_ocr_main" name="test_process_single_file_success_saves_result" time="0.003" /><testcase classname="tests.unit.test_ocr_main" name="test_process_single_file_empty_ocr_returns_none" time="0.004" /><testcase classname="tests.unit.test_ocr_main" name="test_process_single_file_exception_returns_none" time="0.003" /><testcase classname="tests.unit.test_ocr_service" name="test_veryfi_ocr_initializes_client_with_expected_args" time="0.001" /><testcase classname="tests.unit.test_ocr_service" name="test_process_document_delegates_and_returns_dict" time="0.002" /><testcase classname="tests.unit.test_ocr_service" name="test_process_document_wraps_exception_as_runtime_error" time="0.001" /><testcase classname="tests.unit.test_ocr_service" name="test_extract_ocr_text_returns_field_or_empty" time="0.002" /><testcase classname="tests.unit.test_security" name="test_hash_password_changes_plaintext" time="0.205" /><testcase classname="tests.unit.test_security" name="test_verify_password_correct_and_wrong" time="0.613" /><testcase classname="tests.unit.test_security" name="test_verify_password_plaintext_fallback" time="0.001" /><testcase classname="tests.unit.test_validator_engine" name="test_load_configs_creates_dir_when_missing" time="0.006" /><testcase classname="tests.unit.test_validator_engine" name="test_load_configs_from_temp_dir_skips_invalid" time="0.010" /><testcase classname="tests.unit.test_validator_engine" name="test_validate_missing_format_returns_invalid" time="0.001" /><testcase classname="tests.unit.test_validator_engine" name="test_validate_unknown_format_returns_invalid" time="0.002" /><testcase classname="tests.unit.test_validator_engine" name="test_validate_without_rules_returns_validated" time="0.002" /><testcase classname="tests.unit.test_validator_engine" name="test_validate_valid_document_passes_with_details" time="0.002" /><testcase classname="tests.unit.test_validator_engine" name="test_validate_row_math_failure" time="0.002" /><testcase classname="tests.unit.test_validator_engine" name="test_validate_document_sum_failure" time="0.002" /><testcase classname="tests.unit.test_validator_engine" name="test_validate_missing_total_amount_returns_error" time="0.002" /><testcase classname="tests.unit.test_validator_engine" name="test_validate_numeric_strings_with_commas_are_supported" time="0.002" /><testcase classname="tests.unit.test_validator_engine" name="test_validate_invalid_numeric_values_do_not_crash" time="0.002" /><testcase classname="tests.unit.test_validator_engine" name="test_validate_unknown_rule_type_is_skipped" time="0.002" /></testsuite></testsuites>